GPU AMD Radeon(TM) Graphics (ATI Technologies Inc.)
OpenGL 4.6.0 Compatibility Profile Context 25.8.1.250617
[Atlas] Texture size is: 4096x4096 (max: 16384x16384)
Found work dir at 'C:/Users/Leonardo/Desktop/otcv8-dev-master/'
== application started at Jan 02 2026 09:21:55
OTCv8 3.2 rev 0 (dev) made by otclient.net built on Jan  2 2026 for arch x86
WARNING: HTTP error for http://otclient.ovh/api/status.php: Invalid http status code (403)
WARNING: HTTP error for http://otclient.ovh/api/status.php: Invalid http status code (403)
Connecting to: 127.0.0.1:7171
WARNING: HTTP error for http://otclient.ovh/api/status.php: Invalid http status code (403)
Login to 127.0.0.1:7172
WARNING: [BOT] !! Blessings not bought !!
WARNING: HTTP error for http://otclient.ovh/api/status.php: Invalid http status code (403)
Exiting application..
GPU AMD Radeon(TM) Graphics (ATI Technologies Inc.)
OpenGL 4.6.0 Compatibility Profile Context 25.8.1.250617
[Atlas] Texture size is: 4096x4096 (max: 16384x16384)
Found work dir at 'C:/Users/Leonardo/Desktop/otcv8-dev-master/'
== application started at Jan 02 2026 09:22:18
OTCv8 3.2 rev 0 (dev) made by otclient.net built on Jan  2 2026 for arch x86
WARNING: HTTP error for http://otclient.ovh/api/status.php: Invalid http status code (403)
Connecting to: 127.0.0.1:7171
Login to 127.0.0.1:7172
WARNING: HTTP error for http://otclient.ovh/api/status.php: Invalid http status code (403)
WARNING: [BOT] !! Blessings not bought !!
WARNING: HTTP error for http://otclient.ovh/api/status.php: Invalid http status code (403)
Exiting application..
GPU AMD Radeon(TM) Graphics (ATI Technologies Inc.)
OpenGL 4.6.0 Compatibility Profile Context 25.8.1.250617
[Atlas] Texture size is: 4096x4096 (max: 16384x16384)
Found work dir at 'C:/Users/Leonardo/Desktop/otcv8-dev-master/'
== application started at Jan 02 2026 09:23:18
OTCv8 3.2 rev 0 (dev) made by otclient.net built on Jan  2 2026 for arch x86
ERROR: Unable to find module 'game_tasks' required by 'game_interface'
ERROR: Unable to find module 'game_crafting' required by 'game_interface'
ERROR: Unable to load texture '/images/ui/loot.png': unable to open file '/images/ui/loot.png': not found
ERROR: lua function callback failed: /modules/client_options/options.lua:389: attempt to index field 'game_actionbar' (a nil value)
stack traceback:
	[C]: in function '__index'
	/modules/client_options/options.lua:389: in function 'setOption'
	/modules/client_options/options.lua:162: in function 'setup'
	/modules/client_options/options.lua:141: in function </modules/client_options/options.lua:141>
WARNING: HTTP error for http://otclient.ovh/api/status.php: Invalid http status code (403)
Connecting to: 127.0.0.1:7171
Login to 127.0.0.1:7172
WARNING: HTTP error for http://otclient.ovh/api/status.php: Invalid http status code (403)
WARNING: HTTP error for http://otclient.ovh/api/status.php: Invalid http status code (403)
Exiting application..
GPU AMD Radeon(TM) Graphics (ATI Technologies Inc.)
OpenGL 4.6.0 Compatibility Profile Context 25.8.1.250617
[Atlas] Texture size is: 4096x4096 (max: 16384x16384)
Found work dir at 'C:/Users/Leonardo/Desktop/otcv8-dev-master/'
== application started at Jan 02 2026 09:31:56
OTCv8 3.2 rev 0 (dev) made by otclient.net built on Jan  2 2026 for arch x86
ERROR: Unable to load texture '/images/ui/loot.png': unable to open file '/images/ui/loot.png': not found
WARNING: HTTP error for http://otclient.ovh/api/status.php: Invalid http status code (403)
Connecting to: 127.0.0.1:7171
Login to 127.0.0.1:7172
WARNING: [BOT] !! Blessings not bought !!
WARNING: HTTP error for http://otclient.ovh/api/status.php: Invalid http status code (403)
Exiting application..
GPU AMD Radeon(TM) Graphics (ATI Technologies Inc.)
OpenGL 4.6.0 Compatibility Profile Context 25.8.1.250617
[Atlas] Texture size is: 4096x4096 (max: 16384x16384)
Found work dir at 'C:/Users/Leonardo/Desktop/otcv8-dev-master/'
== application started at Jan 02 2026 09:34:25
OTCv8 3.2 rev 0 (dev) made by otclient.net built on Jan  2 2026 for arch x86
ERROR: Unable to load texture '/images/ui/loot.png': unable to open file '/images/ui/loot.png': not found
WARNING: HTTP error for http://otclient.ovh/api/status.php: Invalid http status code (403)
Connecting to: 127.0.0.1:7171
WARNING: HTTP error for http://otclient.ovh/api/status.php: Invalid http status code (403)
Login to 127.0.0.1:7172
WARNING: [BOT] !! Blessings not bought !!
WARNING: HTTP error for http://otclient.ovh/api/status.php: Invalid http status code (403)
Exiting application..
ERROR: Lua error: /modules/gamelib/protocolgame.lua:81: Opcode is not registered.
stack traceback:
	[C]: at 0x00d62f20
	[C]: in function 'error'
	/modules/gamelib/protocolgame.lua:81: in function 'unregisterExtendedOpcode'
	/modules/game_npcdialog/npcdialog.lua:71: in function 'terminate'
	/modules/game_walking/walking.otmod:9:[@onUnload]:1: in main chunk
ERROR: Unable to unload module 'game_walking': LUA ERROR:
/modules/gamelib/protocolgame.lua:81: Opcode is not registered.
stack traceback:
	[C]: at 0x00d62f20
	[C]: in function 'error'
	/modules/gamelib/protocolgame.lua:81: in function 'unregisterExtendedOpcode'
	/modules/game_npcdialog/npcdialog.lua:71: in function 'terminate'
	/modules/game_walking/walking.otmod:9:[@onUnload]:1: in main chunk
GPU AMD Radeon(TM) Graphics (ATI Technologies Inc.)
OpenGL 4.6.0 Compatibility Profile Context 25.8.1.250617
[Atlas] Texture size is: 4096x4096 (max: 16384x16384)
Found work dir at 'C:/Users/Leonardo/Desktop/otcv8-dev-master/'
== application started at Jan 02 2026 09:37:10
OTCv8 3.2 rev 0 (dev) made by otclient.net built on Jan  2 2026 for arch x86
WARNING: HTTP error for http://otclient.ovh/api/status.php: Invalid http status code (403)
Connecting to: 127.0.0.1:7171
Login to 127.0.0.1:7172
ERROR: Unable to send extended opcode 102, extended opcodes are not enabled on this server.
WARNING: [BOT] !! Blessings not bought !!
WARNING: HTTP error for http://otclient.ovh/api/status.php: Invalid http status code (403)
WARNING: HTTP error for http://otclient.ovh/api/status.php: Invalid http status code (403)
WARNING: HTTP error for http://otclient.ovh/api/status.php: Invalid http status code (403)
WARNING: HTTP error for http://otclient.ovh/api/status.php: Invalid http status code (403)
WARNING: HTTP error for http://otclient.ovh/api/status.php: Invalid http status code (403)
Exiting application..
ERROR: Lua error: /modules/gamelib/protocolgame.lua:81: Opcode is not registered.
stack traceback:
	[C]: at 0x00d62f20
	[C]: in function 'error'
	/modules/gamelib/protocolgame.lua:81: in function 'unregisterExtendedOpcode'
	/modules/game_npcdialog/npcdialog.lua:71: in function 'terminate'
	/modules/game_walking/walking.otmod:9:[@onUnload]:1: in main chunk
ERROR: Unable to unload module 'game_walking': LUA ERROR:
/modules/gamelib/protocolgame.lua:81: Opcode is not registered.
stack traceback:
	[C]: at 0x00d62f20
	[C]: in function 'error'
	/modules/gamelib/protocolgame.lua:81: in function 'unregisterExtendedOpcode'
	/modules/game_npcdialog/npcdialog.lua:71: in function 'terminate'
	/modules/game_walking/walking.otmod:9:[@onUnload]:1: in main chunk
GPU AMD Radeon(TM) Graphics (ATI Technologies Inc.)
OpenGL 4.6.0 Compatibility Profile Context 25.8.1.250617
[Atlas] Texture size is: 4096x4096 (max: 16384x16384)
Found work dir at 'C:/Users/Leonardo/Desktop/otcv8-dev-master/'
== application started at Jan 02 2026 09:38:12
OTCv8 3.2 rev 0 (dev) made by otclient.net built on Jan  2 2026 for arch x86
WARNING: HTTP error for http://otclient.ovh/api/status.php: Invalid http status code (403)
Connecting to: 127.0.0.1:7171
Login to 127.0.0.1:7172
WARNING: [BOT] !! Blessings not bought !!
ERROR: Unable to load texture 'images/Eryn.png': unable to open file '/modules/game_npcdialog/images/Eryn.png': not found
ERROR: Unable to load texture 'images/Eryn.png': unable to open file '/modules/game_npcdialog/images/Eryn.png': not found
WARNING: HTTP error for http://otclient.ovh/api/status.php: Invalid http status code (403)
WARNING: HTTP error for http://otclient.ovh/api/status.php: Invalid http status code (403)
WARNING: HTTP error for http://otclient.ovh/api/status.php: Invalid http status code (403)
Exiting application..
ERROR: Lua error: /modules/gamelib/protocolgame.lua:81: Opcode is not registered.
stack traceback:
	[C]: at 0x00d62f20
	[C]: in function 'error'
	/modules/gamelib/protocolgame.lua:81: in function 'unregisterExtendedOpcode'
	/modules/game_npcdialog/npcdialog.lua:71: in function 'terminate'
	/modules/game_walking/walking.otmod:9:[@onUnload]:1: in main chunk
ERROR: Unable to unload module 'game_walking': LUA ERROR:
/modules/gamelib/protocolgame.lua:81: Opcode is not registered.
stack traceback:
	[C]: at 0x00d62f20
	[C]: in function 'error'
	/modules/gamelib/protocolgame.lua:81: in function 'unregisterExtendedOpcode'
	/modules/game_npcdialog/npcdialog.lua:71: in function 'terminate'
	/modules/game_walking/walking.otmod:9:[@onUnload]:1: in main chunk
GPU AMD Radeon(TM) Graphics (ATI Technologies Inc.)
OpenGL 4.6.0 Compatibility Profile Context 25.8.1.250617
[Atlas] Texture size is: 4096x4096 (max: 16384x16384)
Found work dir at 'C:/Users/Leonardo/Desktop/otcv8-dev-master/'
== application started at Jan 02 2026 09:40:54
OTCv8 3.2 rev 0 (dev) made by otclient.net built on Jan  2 2026 for arch x86
WARNING: HTTP error for http://otclient.ovh/api/status.php: Invalid http status code (403)
Connecting to: 127.0.0.1:7171
Login to 127.0.0.1:7172
WARNING: [BOT] !! Blessings not bought !!
ERROR: protected lua call failed: /modules/game_store/store.otui:134: [@onClick]:2: attempt to index field 'game_payment' (a nil value)
stack traceback:
	[C]: in function '__index'
	/modules/game_store/store.otui:134: [@onClick]:2: in function </modules/game_store/store.otui:134: [@onClick]:1>
WARNING: HTTP error for http://otclient.ovh/api/status.php: Invalid http status code (403)
WARNING: HTTP error for http://otclient.ovh/api/status.php: Invalid http status code (403)
WARNING: HTTP error for http://otclient.ovh/api/status.php: Invalid http status code (403)
Exiting application..
ERROR: Lua error: /modules/gamelib/protocolgame.lua:81: Opcode is not registered.
stack traceback:
	[C]: at 0x00d62f20
	[C]: in function 'error'
	/modules/gamelib/protocolgame.lua:81: in function 'unregisterExtendedOpcode'
	/modules/game_npcdialog/npcdialog.lua:71: in function 'terminate'
	/modules/game_walking/walking.otmod:9:[@onUnload]:1: in main chunk
ERROR: Unable to unload module 'game_walking': LUA ERROR:
/modules/gamelib/protocolgame.lua:81: Opcode is not registered.
stack traceback:
	[C]: at 0x00d62f20
	[C]: in function 'error'
	/modules/gamelib/protocolgame.lua:81: in function 'unregisterExtendedOpcode'
	/modules/game_npcdialog/npcdialog.lua:71: in function 'terminate'
	/modules/game_walking/walking.otmod:9:[@onUnload]:1: in main chunk
GPU AMD Radeon(TM) Graphics (ATI Technologies Inc.)
OpenGL 4.6.0 Compatibility Profile Context 25.8.1.250617
[Atlas] Texture size is: 4096x4096 (max: 16384x16384)
Found work dir at 'C:/Users/Leonardo/Desktop/otcv8-dev-master/'
== application started at Jan 02 2026 10:00:15
OTCv8 3.2 rev 0 (dev) made by otclient.net built on Jan  2 2026 for arch x86
WARNING: HTTP error for http://otclient.ovh/api/status.php: Invalid http status code (403)
Exiting application..
ERROR: Lua error: /modules/gamelib/protocolgame.lua:81: Opcode is not registered.
stack traceback:
	[C]: at 0x00d62f20
	[C]: in function 'error'
	/modules/gamelib/protocolgame.lua:81: in function 'unregisterExtendedOpcode'
	/modules/game_npcdialog/npcdialog.lua:71: in function 'terminate'
	/modules/game_walking/walking.otmod:9:[@onUnload]:1: in main chunk
ERROR: Unable to unload module 'game_walking': LUA ERROR:
/modules/gamelib/protocolgame.lua:81: Opcode is not registered.
stack traceback:
	[C]: at 0x00d62f20
	[C]: in function 'error'
	/modules/gamelib/protocolgame.lua:81: in function 'unregisterExtendedOpcode'
	/modules/game_npcdialog/npcdialog.lua:71: in function 'terminate'
	/modules/game_walking/walking.otmod:9:[@onUnload]:1: in main chunk
WARNING: widget 'widget1321' was not explicitly destroyed
GPU AMD Radeon(TM) Graphics (ATI Technologies Inc.)
OpenGL 4.6.0 Compatibility Profile Context 25.8.1.250617
[Atlas] Texture size is: 4096x4096 (max: 16384x16384)
Found work dir at 'C:/Users/Leonardo/Desktop/otcv8-dev-master/'
== application started at Jan 02 2026 10:00:44
OTCv8 3.2 rev 0 (dev) made by otclient.net built on Jan  2 2026 for arch x86
WARNING: HTTP error for http://otclient.ovh/api/status.php: Invalid http status code (403)
Connecting to: 127.0.0.1:7171
Login to 127.0.0.1:7172
WARNING: HTTP error for http://otclient.ovh/api/status.php: Invalid http status code (403)
Exiting application..
ERROR: Lua error: /modules/gamelib/protocolgame.lua:81: Opcode is not registered.
stack traceback:
	[C]: at 0x00d62f20
	[C]: in function 'error'
	/modules/gamelib/protocolgame.lua:81: in function 'unregisterExtendedOpcode'
	/modules/game_npcdialog/npcdialog.lua:71: in function 'terminate'
	/modules/game_walking/walking.otmod:9:[@onUnload]:1: in main chunk
ERROR: Unable to unload module 'game_walking': LUA ERROR:
/modules/gamelib/protocolgame.lua:81: Opcode is not registered.
stack traceback:
	[C]: at 0x00d62f20
	[C]: in function 'error'
	/modules/gamelib/protocolgame.lua:81: in function 'unregisterExtendedOpcode'
	/modules/game_npcdialog/npcdialog.lua:71: in function 'terminate'
	/modules/game_walking/walking.otmod:9:[@onUnload]:1: in main chunk
